[2024-10-02T22:21:48.282+0300] {triggerer_job_runner.py:181} INFO - Setting up TriggererHandlerWrapper with handler <FileTaskHandler (NOTSET)>
[2024-10-02T22:21:48.284+0300] {triggerer_job_runner.py:237} INFO - Setting up logging queue listener with handlers [<RedirectStdHandler <stdout> (NOTSET)>, <NonCachingFileHandler /home/hamsterhom220/MLOps/Assign1/services/airflow/logs/triggerer.log (NOTSET)>, <TriggererHandlerWrapper (NOTSET)>]
[2024-10-02T22:21:48.294+0300] {triggerer_job_runner.py:338} INFO - Starting the triggerer
[2024-10-02T22:22:48.341+0300] {triggerer_job_runner.py:510} INFO - 0 triggers currently running
[2024-10-02T22:23:48.383+0300] {triggerer_job_runner.py:510} INFO - 0 triggers currently running
[2024-10-02T22:24:48.427+0300] {triggerer_job_runner.py:510} INFO - 0 triggers currently running
[2024-10-02T22:25:48.481+0300] {triggerer_job_runner.py:510} INFO - 0 triggers currently running
[2024-10-02T22:26:48.541+0300] {triggerer_job_runner.py:510} INFO - 0 triggers currently running
[2024-10-02T22:27:48.588+0300] {triggerer_job_runner.py:510} INFO - 0 triggers currently running
[2024-10-02T22:28:48.643+0300] {triggerer_job_runner.py:510} INFO - 0 triggers currently running
[2024-10-02T22:29:48.685+0300] {triggerer_job_runner.py:510} INFO - 0 triggers currently running
[2024-10-02T22:30:48.732+0300] {triggerer_job_runner.py:510} INFO - 0 triggers currently running
[2024-10-02T22:31:48.783+0300] {triggerer_job_runner.py:510} INFO - 0 triggers currently running
[2024-10-02T22:32:48.836+0300] {triggerer_job_runner.py:510} INFO - 0 triggers currently running
[2024-10-02T22:33:48.881+0300] {triggerer_job_runner.py:510} INFO - 0 triggers currently running
[2024-10-02T22:34:48.928+0300] {triggerer_job_runner.py:510} INFO - 0 triggers currently running
[2024-10-02T22:35:48.970+0300] {triggerer_job_runner.py:510} INFO - 0 triggers currently running
[2024-10-02T22:36:49.021+0300] {triggerer_job_runner.py:510} INFO - 0 triggers currently running
[2024-10-02T22:37:49.067+0300] {triggerer_job_runner.py:510} INFO - 0 triggers currently running
[2024-10-02T22:38:49.121+0300] {triggerer_job_runner.py:510} INFO - 0 triggers currently running
[2024-10-02T22:39:49.172+0300] {triggerer_job_runner.py:510} INFO - 0 triggers currently running
[2024-10-02T22:40:49.224+0300] {triggerer_job_runner.py:510} INFO - 0 triggers currently running
[2024-10-02T22:41:49.282+0300] {triggerer_job_runner.py:510} INFO - 0 triggers currently running
[2024-10-02T22:42:49.337+0300] {triggerer_job_runner.py:510} INFO - 0 triggers currently running
[2024-10-02T22:43:49.396+0300] {triggerer_job_runner.py:510} INFO - 0 triggers currently running
[2024-10-02T22:44:49.447+0300] {triggerer_job_runner.py:510} INFO - 0 triggers currently running
[2024-10-02T22:45:49.492+0300] {triggerer_job_runner.py:510} INFO - 0 triggers currently running
[2024-10-02T22:46:49.541+0300] {triggerer_job_runner.py:510} INFO - 0 triggers currently running
[2024-10-02T22:47:49.589+0300] {triggerer_job_runner.py:510} INFO - 0 triggers currently running
[2024-10-02T22:48:49.639+0300] {triggerer_job_runner.py:510} INFO - 0 triggers currently running
[2024-10-02T22:49:49.692+0300] {triggerer_job_runner.py:510} INFO - 0 triggers currently running
[2024-10-02T22:50:49.742+0300] {triggerer_job_runner.py:510} INFO - 0 triggers currently running
[2024-10-02T22:51:49.789+0300] {triggerer_job_runner.py:510} INFO - 0 triggers currently running
[2024-10-02T22:52:49.835+0300] {triggerer_job_runner.py:510} INFO - 0 triggers currently running
[2024-10-02T22:53:49.888+0300] {triggerer_job_runner.py:510} INFO - 0 triggers currently running
[2024-10-02T22:54:49.925+0300] {triggerer_job_runner.py:510} INFO - 0 triggers currently running
[2024-10-02T22:55:49.964+0300] {triggerer_job_runner.py:510} INFO - 0 triggers currently running
[2024-10-02T22:56:50.006+0300] {triggerer_job_runner.py:510} INFO - 0 triggers currently running
[2024-10-02T22:57:50.059+0300] {triggerer_job_runner.py:510} INFO - 0 triggers currently running
[2024-10-02T22:58:50.105+0300] {triggerer_job_runner.py:510} INFO - 0 triggers currently running
[2024-10-02T22:59:50.144+0300] {triggerer_job_runner.py:510} INFO - 0 triggers currently running
[2024-10-02T23:00:50.191+0300] {triggerer_job_runner.py:510} INFO - 0 triggers currently running
[2024-10-02T23:01:50.246+0300] {triggerer_job_runner.py:510} INFO - 0 triggers currently running
[2024-10-02T23:02:50.297+0300] {triggerer_job_runner.py:510} INFO - 0 triggers currently running
[2024-10-02T23:03:50.338+0300] {triggerer_job_runner.py:510} INFO - 0 triggers currently running
[2024-10-02T23:04:50.387+0300] {triggerer_job_runner.py:510} INFO - 0 triggers currently running
[2024-10-02T23:05:50.429+0300] {triggerer_job_runner.py:510} INFO - 0 triggers currently running
[2024-10-02T23:06:50.474+0300] {triggerer_job_runner.py:510} INFO - 0 triggers currently running
[2024-10-02T23:07:50.528+0300] {triggerer_job_runner.py:510} INFO - 0 triggers currently running
[2024-10-02T23:08:50.580+0300] {triggerer_job_runner.py:510} INFO - 0 triggers currently running
[2024-10-02T23:09:50.630+0300] {triggerer_job_runner.py:510} INFO - 0 triggers currently running
[2024-10-02T23:10:50.677+0300] {triggerer_job_runner.py:510} INFO - 0 triggers currently running
[2024-10-02T23:11:50.728+0300] {triggerer_job_runner.py:510} INFO - 0 triggers currently running
[2024-10-02T23:12:50.778+0300] {triggerer_job_runner.py:510} INFO - 0 triggers currently running
[2024-10-02T23:13:50.830+0300] {triggerer_job_runner.py:510} INFO - 0 triggers currently running
[2024-10-02T23:14:50.881+0300] {triggerer_job_runner.py:510} INFO - 0 triggers currently running
[2024-10-02T23:15:50.930+0300] {triggerer_job_runner.py:510} INFO - 0 triggers currently running
[2024-10-02T23:16:50.984+0300] {triggerer_job_runner.py:510} INFO - 0 triggers currently running
[2024-10-02T23:17:51.031+0300] {triggerer_job_runner.py:510} INFO - 0 triggers currently running
[2024-10-02T23:18:51.077+0300] {triggerer_job_runner.py:510} INFO - 0 triggers currently running
[2024-10-02T23:19:51.125+0300] {triggerer_job_runner.py:510} INFO - 0 triggers currently running
[2024-10-02T23:20:51.176+0300] {triggerer_job_runner.py:510} INFO - 0 triggers currently running
[2024-10-02T23:21:51.215+0300] {triggerer_job_runner.py:510} INFO - 0 triggers currently running
[2024-10-02T23:22:51.265+0300] {triggerer_job_runner.py:510} INFO - 0 triggers currently running
[2024-10-02T23:23:51.316+0300] {triggerer_job_runner.py:510} INFO - 0 triggers currently running
[2024-10-02T23:24:51.367+0300] {triggerer_job_runner.py:510} INFO - 0 triggers currently running
[2024-10-02T23:25:51.422+0300] {triggerer_job_runner.py:510} INFO - 0 triggers currently running
[2024-10-02T23:26:51.475+0300] {triggerer_job_runner.py:510} INFO - 0 triggers currently running
[2024-10-02T23:27:51.524+0300] {triggerer_job_runner.py:510} INFO - 0 triggers currently running
[2024-10-02T23:28:51.582+0300] {triggerer_job_runner.py:510} INFO - 0 triggers currently running
[2024-10-02T23:29:51.633+0300] {triggerer_job_runner.py:510} INFO - 0 triggers currently running
[2024-10-02T23:30:48.923+0300] {triggerer_job_runner.py:605} INFO - Triggerer's async thread was blocked for 0.61 seconds, likely by a badly-written trigger. Set PYTHONASYNCIODEBUG=1 to get more information on overrunning coroutines.
[2024-10-02T23:30:51.926+0300] {triggerer_job_runner.py:510} INFO - 0 triggers currently running
[2024-10-02T23:31:51.978+0300] {triggerer_job_runner.py:510} INFO - 0 triggers currently running
[2024-10-02T23:32:52.030+0300] {triggerer_job_runner.py:510} INFO - 0 triggers currently running
[2024-10-02T23:33:52.083+0300] {triggerer_job_runner.py:510} INFO - 0 triggers currently running
[2024-10-02T23:34:52.137+0300] {triggerer_job_runner.py:510} INFO - 0 triggers currently running
[2024-10-02T23:35:52.191+0300] {triggerer_job_runner.py:510} INFO - 0 triggers currently running
[2024-10-02T23:36:52.241+0300] {triggerer_job_runner.py:510} INFO - 0 triggers currently running
[2024-10-02T23:37:52.291+0300] {triggerer_job_runner.py:510} INFO - 0 triggers currently running
[2024-10-02T23:38:52.340+0300] {triggerer_job_runner.py:510} INFO - 0 triggers currently running
[2024-10-02T23:39:52.396+0300] {triggerer_job_runner.py:510} INFO - 0 triggers currently running
[2024-10-02T23:40:52.446+0300] {triggerer_job_runner.py:510} INFO - 0 triggers currently running
[2024-10-02T23:41:52.497+0300] {triggerer_job_runner.py:510} INFO - 0 triggers currently running
[2024-10-02T23:42:52.551+0300] {triggerer_job_runner.py:510} INFO - 0 triggers currently running
[2024-10-02T23:43:52.604+0300] {triggerer_job_runner.py:510} INFO - 0 triggers currently running
[2024-10-02T23:44:52.655+0300] {triggerer_job_runner.py:510} INFO - 0 triggers currently running
[2024-10-02T23:45:52.711+0300] {triggerer_job_runner.py:510} INFO - 0 triggers currently running
[2024-10-02T23:46:52.763+0300] {triggerer_job_runner.py:510} INFO - 0 triggers currently running
[2024-10-02T23:47:52.810+0300] {triggerer_job_runner.py:510} INFO - 0 triggers currently running
[2024-10-02T23:48:52.857+0300] {triggerer_job_runner.py:510} INFO - 0 triggers currently running
[2024-10-02T23:49:52.908+0300] {triggerer_job_runner.py:510} INFO - 0 triggers currently running
[2024-10-02T23:50:52.959+0300] {triggerer_job_runner.py:510} INFO - 0 triggers currently running
[2024-10-02T23:51:53.007+0300] {triggerer_job_runner.py:510} INFO - 0 triggers currently running
[2024-10-02T23:52:53.062+0300] {triggerer_job_runner.py:510} INFO - 0 triggers currently running
[2024-10-02T23:53:53.104+0300] {triggerer_job_runner.py:510} INFO - 0 triggers currently running
[2024-10-02T23:54:53.145+0300] {triggerer_job_runner.py:510} INFO - 0 triggers currently running
[2024-10-02T23:55:53.183+0300] {triggerer_job_runner.py:510} INFO - 0 triggers currently running
[2024-10-02T23:56:53.229+0300] {triggerer_job_runner.py:510} INFO - 0 triggers currently running
[2024-10-02T23:57:53.270+0300] {triggerer_job_runner.py:510} INFO - 0 triggers currently running
[2024-10-02T23:58:53.310+0300] {triggerer_job_runner.py:510} INFO - 0 triggers currently running
[2024-10-02T23:59:53.353+0300] {triggerer_job_runner.py:510} INFO - 0 triggers currently running
[2024-10-03T00:00:53.395+0300] {triggerer_job_runner.py:510} INFO - 0 triggers currently running
[2024-10-03T00:01:53.440+0300] {triggerer_job_runner.py:510} INFO - 0 triggers currently running
[2024-10-03T00:02:53.474+0300] {triggerer_job_runner.py:510} INFO - 0 triggers currently running
[2024-10-03T00:03:53.524+0300] {triggerer_job_runner.py:510} INFO - 0 triggers currently running
[2024-10-03T00:04:53.567+0300] {triggerer_job_runner.py:510} INFO - 0 triggers currently running
[2024-10-03T00:05:53.608+0300] {triggerer_job_runner.py:510} INFO - 0 triggers currently running
[2024-10-03T00:06:53.653+0300] {triggerer_job_runner.py:510} INFO - 0 triggers currently running
[2024-10-03T00:07:53.705+0300] {triggerer_job_runner.py:510} INFO - 0 triggers currently running
[2024-10-03T00:08:53.756+0300] {triggerer_job_runner.py:510} INFO - 0 triggers currently running
[2024-10-03T00:09:53.808+0300] {triggerer_job_runner.py:510} INFO - 0 triggers currently running
[2024-10-03T00:10:53.857+0300] {triggerer_job_runner.py:510} INFO - 0 triggers currently running
[2024-10-03T00:11:53.906+0300] {triggerer_job_runner.py:510} INFO - 0 triggers currently running
[2024-10-03T00:12:53.959+0300] {triggerer_job_runner.py:510} INFO - 0 triggers currently running
[2024-10-03T00:13:54.013+0300] {triggerer_job_runner.py:510} INFO - 0 triggers currently running
[2024-10-03T00:14:54.065+0300] {triggerer_job_runner.py:510} INFO - 0 triggers currently running
[2024-10-03T00:15:54.121+0300] {triggerer_job_runner.py:510} INFO - 0 triggers currently running
[2024-10-03T00:16:54.168+0300] {triggerer_job_runner.py:510} INFO - 0 triggers currently running
[2024-10-03T00:17:54.208+0300] {triggerer_job_runner.py:510} INFO - 0 triggers currently running
[2024-10-03T00:18:54.246+0300] {triggerer_job_runner.py:510} INFO - 0 triggers currently running
[2024-10-03T00:19:54.284+0300] {triggerer_job_runner.py:510} INFO - 0 triggers currently running
[2024-10-03T00:20:54.336+0300] {triggerer_job_runner.py:510} INFO - 0 triggers currently running
[2024-10-03T00:21:54.384+0300] {triggerer_job_runner.py:510} INFO - 0 triggers currently running
[2024-10-03T00:22:54.431+0300] {triggerer_job_runner.py:510} INFO - 0 triggers currently running
[2024-10-03T00:23:54.487+0300] {triggerer_job_runner.py:510} INFO - 0 triggers currently running
[2024-10-03T00:24:54.527+0300] {triggerer_job_runner.py:510} INFO - 0 triggers currently running
[2024-10-03T00:25:54.569+0300] {triggerer_job_runner.py:510} INFO - 0 triggers currently running
[2024-10-03T00:26:54.616+0300] {triggerer_job_runner.py:510} INFO - 0 triggers currently running
[2024-10-03T00:27:54.661+0300] {triggerer_job_runner.py:510} INFO - 0 triggers currently running
[2024-10-03T00:28:54.701+0300] {triggerer_job_runner.py:510} INFO - 0 triggers currently running
[2024-10-03T00:29:54.763+0300] {triggerer_job_runner.py:510} INFO - 0 triggers currently running
[2024-10-03T00:30:54.814+0300] {triggerer_job_runner.py:510} INFO - 0 triggers currently running
[2024-10-03T00:31:54.862+0300] {triggerer_job_runner.py:510} INFO - 0 triggers currently running
[2024-10-03T00:32:54.911+0300] {triggerer_job_runner.py:510} INFO - 0 triggers currently running
[2024-10-03T00:33:54.957+0300] {triggerer_job_runner.py:510} INFO - 0 triggers currently running
[2024-10-03T00:34:55.013+0300] {triggerer_job_runner.py:510} INFO - 0 triggers currently running
[2024-10-03T00:35:55.068+0300] {triggerer_job_runner.py:510} INFO - 0 triggers currently running
[2024-10-03T00:36:55.129+0300] {triggerer_job_runner.py:510} INFO - 0 triggers currently running
[2024-10-03T00:37:55.179+0300] {triggerer_job_runner.py:510} INFO - 0 triggers currently running
[2024-10-03T00:38:55.222+0300] {triggerer_job_runner.py:510} INFO - 0 triggers currently running
[2024-10-03T00:39:55.268+0300] {triggerer_job_runner.py:510} INFO - 0 triggers currently running
[2024-10-03T00:40:55.312+0300] {triggerer_job_runner.py:510} INFO - 0 triggers currently running
[2024-10-03T00:41:48.046+0300] {triggerer_job_runner.py:605} INFO - Triggerer's async thread was blocked for 0.23 seconds, likely by a badly-written trigger. Set PYTHONASYNCIODEBUG=1 to get more information on overrunning coroutines.
[2024-10-03T00:41:48.351+0300] {triggerer_job_runner.py:605} INFO - Triggerer's async thread was blocked for 0.20 seconds, likely by a badly-written trigger. Set PYTHONASYNCIODEBUG=1 to get more information on overrunning coroutines.
[2024-10-03T00:41:55.442+0300] {triggerer_job_runner.py:510} INFO - 0 triggers currently running
[2024-10-03T00:42:55.483+0300] {triggerer_job_runner.py:510} INFO - 0 triggers currently running
[2024-10-03T00:43:55.530+0300] {triggerer_job_runner.py:510} INFO - 0 triggers currently running
[2024-10-03T00:44:55.574+0300] {triggerer_job_runner.py:510} INFO - 0 triggers currently running
[2024-10-03T00:45:55.618+0300] {triggerer_job_runner.py:510} INFO - 0 triggers currently running
[2024-10-03T00:46:55.662+0300] {triggerer_job_runner.py:510} INFO - 0 triggers currently running
[2024-10-03T00:47:55.704+0300] {triggerer_job_runner.py:510} INFO - 0 triggers currently running
[2024-10-03T00:48:54.183+0300] {triggerer_job_runner.py:605} INFO - Triggerer's async thread was blocked for 0.55 seconds, likely by a badly-written trigger. Set PYTHONASYNCIODEBUG=1 to get more information on overrunning coroutines.
[2024-10-03T00:48:54.465+0300] {triggerer_job_runner.py:605} INFO - Triggerer's async thread was blocked for 0.28 seconds, likely by a badly-written trigger. Set PYTHONASYNCIODEBUG=1 to get more information on overrunning coroutines.
[2024-10-03T00:48:54.854+0300] {triggerer_job_runner.py:605} INFO - Triggerer's async thread was blocked for 0.29 seconds, likely by a badly-written trigger. Set PYTHONASYNCIODEBUG=1 to get more information on overrunning coroutines.
[2024-10-03T00:48:55.111+0300] {triggerer_job_runner.py:605} INFO - Triggerer's async thread was blocked for 0.26 seconds, likely by a badly-written trigger. Set PYTHONASYNCIODEBUG=1 to get more information on overrunning coroutines.
[2024-10-03T00:48:56.187+0300] {triggerer_job_runner.py:510} INFO - 0 triggers currently running
[2024-10-03T00:49:56.253+0300] {triggerer_job_runner.py:510} INFO - 0 triggers currently running
[2024-10-03T00:50:56.320+0300] {triggerer_job_runner.py:510} INFO - 0 triggers currently running
[2024-10-03T00:51:27.646+0300] {triggerer_job_runner.py:605} INFO - Triggerer's async thread was blocked for 1.50 seconds, likely by a badly-written trigger. Set PYTHONASYNCIODEBUG=1 to get more information on overrunning coroutines.
[2024-10-03T00:51:56.680+0300] {triggerer_job_runner.py:510} INFO - 0 triggers currently running
[2024-10-03T00:52:56.744+0300] {triggerer_job_runner.py:510} INFO - 0 triggers currently running
[2024-10-03T00:53:56.807+0300] {triggerer_job_runner.py:510} INFO - 0 triggers currently running
[2024-10-03T00:54:38.365+0300] {triggerer_job_runner.py:605} INFO - Triggerer's async thread was blocked for 0.24 seconds, likely by a badly-written trigger. Set PYTHONASYNCIODEBUG=1 to get more information on overrunning coroutines.
[2024-10-03T00:54:38.726+0300] {triggerer_job_runner.py:605} INFO - Triggerer's async thread was blocked for 0.24 seconds, likely by a badly-written trigger. Set PYTHONASYNCIODEBUG=1 to get more information on overrunning coroutines.
[2024-10-03T00:54:39.235+0300] {triggerer_job_runner.py:605} INFO - Triggerer's async thread was blocked for 0.21 seconds, likely by a badly-written trigger. Set PYTHONASYNCIODEBUG=1 to get more information on overrunning coroutines.
[2024-10-03T00:54:39.503+0300] {triggerer_job_runner.py:605} INFO - Triggerer's async thread was blocked for 0.27 seconds, likely by a badly-written trigger. Set PYTHONASYNCIODEBUG=1 to get more information on overrunning coroutines.
[2024-10-03T00:54:56.868+0300] {triggerer_job_runner.py:510} INFO - 0 triggers currently running
[2024-10-03T00:54:59.633+0300] {triggerer_job_runner.py:605} INFO - Triggerer's async thread was blocked for 0.21 seconds, likely by a badly-written trigger. Set PYTHONASYNCIODEBUG=1 to get more information on overrunning coroutines.
[2024-10-03T00:55:56.941+0300] {triggerer_job_runner.py:510} INFO - 0 triggers currently running
[2024-10-03T00:56:57.009+0300] {triggerer_job_runner.py:510} INFO - 0 triggers currently running
[2024-10-03T00:57:57.084+0300] {triggerer_job_runner.py:510} INFO - 0 triggers currently running
[2024-10-03T00:58:57.155+0300] {triggerer_job_runner.py:510} INFO - 0 triggers currently running
[2024-10-03T00:59:57.222+0300] {triggerer_job_runner.py:510} INFO - 0 triggers currently running
[2024-10-03T01:00:57.281+0300] {triggerer_job_runner.py:510} INFO - 0 triggers currently running
[2024-10-03T01:01:57.350+0300] {triggerer_job_runner.py:510} INFO - 0 triggers currently running
[2024-10-03T01:02:30.824+0300] {triggerer_job_runner.py:605} INFO - Triggerer's async thread was blocked for 0.33 seconds, likely by a badly-written trigger. Set PYTHONASYNCIODEBUG=1 to get more information on overrunning coroutines.
[2024-10-03T01:02:57.421+0300] {triggerer_job_runner.py:510} INFO - 0 triggers currently running
[2024-10-03T01:03:57.479+0300] {triggerer_job_runner.py:510} INFO - 0 triggers currently running
[2024-10-03T01:04:57.521+0300] {triggerer_job_runner.py:510} INFO - 0 triggers currently running
[2024-10-03T01:05:57.568+0300] {triggerer_job_runner.py:510} INFO - 0 triggers currently running
[2024-10-03T01:06:57.618+0300] {triggerer_job_runner.py:510} INFO - 0 triggers currently running
[2024-10-03T01:07:57.665+0300] {triggerer_job_runner.py:510} INFO - 0 triggers currently running
[2024-10-03T01:08:57.713+0300] {triggerer_job_runner.py:510} INFO - 0 triggers currently running
[2024-10-03T01:09:57.765+0300] {triggerer_job_runner.py:510} INFO - 0 triggers currently running
[2024-10-03T01:10:57.832+0300] {triggerer_job_runner.py:510} INFO - 0 triggers currently running
[2024-10-03T01:11:57.895+0300] {triggerer_job_runner.py:510} INFO - 0 triggers currently running
[2024-10-03T01:12:57.964+0300] {triggerer_job_runner.py:510} INFO - 0 triggers currently running
[2024-10-03T01:13:58.029+0300] {triggerer_job_runner.py:510} INFO - 0 triggers currently running
[2024-10-03T01:14:58.092+0300] {triggerer_job_runner.py:510} INFO - 0 triggers currently running
